<?xml version="1.0" encoding="UTF-8"?>
<!-- Generated by org.testng.reporters.JUnitReportReporter -->
<testsuite hostname="Diyors-Air.hsd1.pa.comcast.net" failures="0" tests="1" name="com.cybertek.tests.day5_testNG_Intro_Dropdowns.TestNG_Introduction" time="0.012" errors="0" timestamp="2022-12-18T15:57:38 GMT-05:00" skipped="0">
  <testcase classname="com.cybertek.tests.day5_testNG_Intro_Dropdowns.TestNG_Introduction" name="test1" time="0.012"/>
  <system-out/>
</testsuite> <!-- com.cybertek.tests.day5_testNG_Intro_Dropdowns.TestNG_Introduction -->
